mode: set
github.com/Azure/azure-sdk-for-go/sdk/monitor/azquery/models_serde.go:21.58,26.21 5 1
github.com/Azure/azure-sdk-for-go/sdk/monitor/azquery/models_serde.go:29.2,30.19 2 1
github.com/Azure/azure-sdk-for-go/sdk/monitor/azquery/models_serde.go:33.2,35.32 3 1
github.com/Azure/azure-sdk-for-go/sdk/monitor/azquery/models_serde.go:26.21,28.3 1 1
github.com/Azure/azure-sdk-for-go/sdk/monitor/azquery/models_serde.go:30.19,32.3 1 1
github.com/Azure/azure-sdk-for-go/sdk/monitor/azquery/models_serde.go:39.62,41.54 2 1
github.com/Azure/azure-sdk-for-go/sdk/monitor/azquery/models_serde.go:44.2,44.31 1 1
github.com/Azure/azure-sdk-for-go/sdk/monitor/azquery/models_serde.go:70.2,70.12 1 1
github.com/Azure/azure-sdk-for-go/sdk/monitor/azquery/models_serde.go:41.54,43.3 1 0
github.com/Azure/azure-sdk-for-go/sdk/monitor/azquery/models_serde.go:44.31,46.14 2 1
github.com/Azure/azure-sdk-for-go/sdk/monitor/azquery/models_serde.go:66.3,66.17 1 1
github.com/Azure/azure-sdk-for-go/sdk/monitor/azquery/models_serde.go:47.15,49.23 2 1
github.com/Azure/azure-sdk-for-go/sdk/monitor/azquery/models_serde.go:50.18,52.23 2 1
github.com/Azure/azure-sdk-for-go/sdk/monitor/azquery/models_serde.go:53.13,55.23 2 1
github.com/Azure/azure-sdk-for-go/sdk/monitor/azquery/models_serde.go:56.17,58.23 2 1
github.com/Azure/azure-sdk-for-go/sdk/monitor/azquery/models_serde.go:59.15,61.23 2 1
github.com/Azure/azure-sdk-for-go/sdk/monitor/azquery/models_serde.go:62.20,64.23 2 1
github.com/Azure/azure-sdk-for-go/sdk/monitor/azquery/models_serde.go:66.17,68.4 1 0
github.com/Azure/azure-sdk-for-go/sdk/monitor/azquery/models_serde.go:74.59,81.2 6 1
github.com/Azure/azure-sdk-for-go/sdk/monitor/azquery/models_serde.go:84.63,86.54 2 1
github.com/Azure/azure-sdk-for-go/sdk/monitor/azquery/models_serde.go:89.2,89.31 1 1
github.com/Azure/azure-sdk-for-go/sdk/monitor/azquery/models_serde.go:109.2,109.12 1 1
github.com/Azure/azure-sdk-for-go/sdk/monitor/azquery/models_serde.go:86.54,88.3 1 0
github.com/Azure/azure-sdk-for-go/sdk/monitor/azquery/models_serde.go:89.31,91.14 2 1
github.com/Azure/azure-sdk-for-go/sdk/monitor/azquery/models_serde.go:105.3,105.17 1 1
github.com/Azure/azure-sdk-for-go/sdk/monitor/azquery/models_serde.go:92.15,94.23 2 1
github.com/Azure/azure-sdk-for-go/sdk/monitor/azquery/models_serde.go:95.18,97.23 2 1
github.com/Azure/azure-sdk-for-go/sdk/monitor/azquery/models_serde.go:98.13,100.23 2 1
github.com/Azure/azure-sdk-for-go/sdk/monitor/azquery/models_serde.go:101.17,103.23 2 1
github.com/Azure/azure-sdk-for-go/sdk/monitor/azquery/models_serde.go:105.17,107.4 1 1
github.com/Azure/azure-sdk-for-go/sdk/monitor/azquery/models_serde.go:113.58,120.2 6 1
github.com/Azure/azure-sdk-for-go/sdk/monitor/azquery/models_serde.go:123.62,125.54 2 1
github.com/Azure/azure-sdk-for-go/sdk/monitor/azquery/models_serde.go:128.2,128.31 1 1
github.com/Azure/azure-sdk-for-go/sdk/monitor/azquery/models_serde.go:148.2,148.12 1 1
github.com/Azure/azure-sdk-for-go/sdk/monitor/azquery/models_serde.go:125.54,127.3 1 1
github.com/Azure/azure-sdk-for-go/sdk/monitor/azquery/models_serde.go:128.31,130.14 2 1
github.com/Azure/azure-sdk-for-go/sdk/monitor/azquery/models_serde.go:144.3,144.17 1 1
github.com/Azure/azure-sdk-for-go/sdk/monitor/azquery/models_serde.go:131.16,133.23 2 1
github.com/Azure/azure-sdk-for-go/sdk/monitor/azquery/models_serde.go:134.17,136.23 2 1
github.com/Azure/azure-sdk-for-go/sdk/monitor/azquery/models_serde.go:137.21,139.23 2 1
github.com/Azure/azure-sdk-for-go/sdk/monitor/azquery/models_serde.go:140.17,142.23 2 1
github.com/Azure/azure-sdk-for-go/sdk/monitor/azquery/models_serde.go:144.17,146.4 1 0
github.com/Azure/azure-sdk-for-go/sdk/monitor/azquery/models_serde.go:152.53,156.2 3 1
github.com/Azure/azure-sdk-for-go/sdk/monitor/azquery/models_serde.go:159.57,161.54 2 1
github.com/Azure/azure-sdk-for-go/sdk/monitor/azquery/models_serde.go:164.2,164.31 1 1
github.com/Azure/azure-sdk-for-go/sdk/monitor/azquery/models_serde.go:175.2,175.12 1 1
github.com/Azure/azure-sdk-for-go/sdk/monitor/azquery/models_serde.go:161.54,163.3 1 1
github.com/Azure/azure-sdk-for-go/sdk/monitor/azquery/models_serde.go:164.31,166.14 2 1
github.com/Azure/azure-sdk-for-go/sdk/monitor/azquery/models_serde.go:171.3,171.17 1 1
github.com/Azure/azure-sdk-for-go/sdk/monitor/azquery/models_serde.go:167.19,169.23 2 1
github.com/Azure/azure-sdk-for-go/sdk/monitor/azquery/models_serde.go:171.17,173.4 1 1
github.com/Azure/azure-sdk-for-go/sdk/monitor/azquery/models_serde.go:179.54,183.2 3 1
github.com/Azure/azure-sdk-for-go/sdk/monitor/azquery/models_serde.go:186.58,188.54 2 1
github.com/Azure/azure-sdk-for-go/sdk/monitor/azquery/models_serde.go:191.2,191.31 1 1
github.com/Azure/azure-sdk-for-go/sdk/monitor/azquery/models_serde.go:202.2,202.12 1 1
github.com/Azure/azure-sdk-for-go/sdk/monitor/azquery/models_serde.go:188.54,190.3 1 1
github.com/Azure/azure-sdk-for-go/sdk/monitor/azquery/models_serde.go:191.31,193.14 2 1
github.com/Azure/azure-sdk-for-go/sdk/monitor/azquery/models_serde.go:198.3,198.17 1 1
github.com/Azure/azure-sdk-for-go/sdk/monitor/azquery/models_serde.go:194.20,196.23 2 1
github.com/Azure/azure-sdk-for-go/sdk/monitor/azquery/models_serde.go:198.17,200.4 1 1
github.com/Azure/azure-sdk-for-go/sdk/monitor/azquery/models_serde.go:206.45,212.2 5 1
github.com/Azure/azure-sdk-for-go/sdk/monitor/azquery/models_serde.go:215.49,217.54 2 1
github.com/Azure/azure-sdk-for-go/sdk/monitor/azquery/models_serde.go:220.2,220.31 1 1
github.com/Azure/azure-sdk-for-go/sdk/monitor/azquery/models_serde.go:237.2,237.12 1 1
github.com/Azure/azure-sdk-for-go/sdk/monitor/azquery/models_serde.go:217.54,219.3 1 1
github.com/Azure/azure-sdk-for-go/sdk/monitor/azquery/models_serde.go:220.31,222.14 2 1
github.com/Azure/azure-sdk-for-go/sdk/monitor/azquery/models_serde.go:233.3,233.17 1 1
github.com/Azure/azure-sdk-for-go/sdk/monitor/azquery/models_serde.go:223.16,225.23 2 1
github.com/Azure/azure-sdk-for-go/sdk/monitor/azquery/models_serde.go:226.19,228.23 2 1
github.com/Azure/azure-sdk-for-go/sdk/monitor/azquery/models_serde.go:229.21,231.23 2 1
github.com/Azure/azure-sdk-for-go/sdk/monitor/azquery/models_serde.go:233.17,235.4 1 1
github.com/Azure/azure-sdk-for-go/sdk/monitor/azquery/models_serde.go:241.47,246.2 4 1
github.com/Azure/azure-sdk-for-go/sdk/monitor/azquery/models_serde.go:249.51,251.54 2 1
github.com/Azure/azure-sdk-for-go/sdk/monitor/azquery/models_serde.go:254.2,254.31 1 1
github.com/Azure/azure-sdk-for-go/sdk/monitor/azquery/models_serde.go:268.2,268.12 1 1
github.com/Azure/azure-sdk-for-go/sdk/monitor/azquery/models_serde.go:251.54,253.3 1 0
github.com/Azure/azure-sdk-for-go/sdk/monitor/azquery/models_serde.go:254.31,256.14 2 1
github.com/Azure/azure-sdk-for-go/sdk/monitor/azquery/models_serde.go:264.3,264.17 1 1
github.com/Azure/azure-sdk-for-go/sdk/monitor/azquery/models_serde.go:257.15,259.23 2 1
github.com/Azure/azure-sdk-for-go/sdk/monitor/azquery/models_serde.go:260.15,262.23 2 1
github.com/Azure/azure-sdk-for-go/sdk/monitor/azquery/models_serde.go:264.17,266.4 1 0
github.com/Azure/azure-sdk-for-go/sdk/monitor/azquery/models_serde.go:272.58,277.2 4 1
github.com/Azure/azure-sdk-for-go/sdk/monitor/azquery/models_serde.go:280.62,282.54 2 1
github.com/Azure/azure-sdk-for-go/sdk/monitor/azquery/models_serde.go:285.2,285.31 1 1
github.com/Azure/azure-sdk-for-go/sdk/monitor/azquery/models_serde.go:299.2,299.12 1 1
github.com/Azure/azure-sdk-for-go/sdk/monitor/azquery/models_serde.go:282.54,284.3 1 1
github.com/Azure/azure-sdk-for-go/sdk/monitor/azquery/models_serde.go:285.31,287.14 2 1
github.com/Azure/azure-sdk-for-go/sdk/monitor/azquery/models_serde.go:295.3,295.17 1 1
github.com/Azure/azure-sdk-for-go/sdk/monitor/azquery/models_serde.go:288.25,290.23 2 1
github.com/Azure/azure-sdk-for-go/sdk/monitor/azquery/models_serde.go:291.16,293.23 2 1
github.com/Azure/azure-sdk-for-go/sdk/monitor/azquery/models_serde.go:295.17,297.4 1 1
github.com/Azure/azure-sdk-for-go/sdk/monitor/azquery/models_serde.go:303.54,308.2 4 0
github.com/Azure/azure-sdk-for-go/sdk/monitor/azquery/models_serde.go:311.58,313.54 2 0
github.com/Azure/azure-sdk-for-go/sdk/monitor/azquery/models_serde.go:316.2,316.31 1 0
github.com/Azure/azure-sdk-for-go/sdk/monitor/azquery/models_serde.go:330.2,330.12 1 0
github.com/Azure/azure-sdk-for-go/sdk/monitor/azquery/models_serde.go:313.54,315.3 1 0
github.com/Azure/azure-sdk-for-go/sdk/monitor/azquery/models_serde.go:316.31,318.14 2 0
github.com/Azure/azure-sdk-for-go/sdk/monitor/azquery/models_serde.go:326.3,326.17 1 0
github.com/Azure/azure-sdk-for-go/sdk/monitor/azquery/models_serde.go:319.15,321.23 2 0
github.com/Azure/azure-sdk-for-go/sdk/monitor/azquery/models_serde.go:322.16,324.23 2 0
github.com/Azure/azure-sdk-for-go/sdk/monitor/azquery/models_serde.go:326.17,328.4 1 0
github.com/Azure/azure-sdk-for-go/sdk/monitor/azquery/models_serde.go:334.47,345.2 10 1
github.com/Azure/azure-sdk-for-go/sdk/monitor/azquery/models_serde.go:348.51,350.54 2 1
github.com/Azure/azure-sdk-for-go/sdk/monitor/azquery/models_serde.go:353.2,353.31 1 1
github.com/Azure/azure-sdk-for-go/sdk/monitor/azquery/models_serde.go:385.2,385.12 1 1
github.com/Azure/azure-sdk-for-go/sdk/monitor/azquery/models_serde.go:350.54,352.3 1 1
github.com/Azure/azure-sdk-for-go/sdk/monitor/azquery/models_serde.go:353.31,355.14 2 1
github.com/Azure/azure-sdk-for-go/sdk/monitor/azquery/models_serde.go:381.3,381.17 1 1
github.com/Azure/azure-sdk-for-go/sdk/monitor/azquery/models_serde.go:356.29,358.23 2 1
github.com/Azure/azure-sdk-for-go/sdk/monitor/azquery/models_serde.go:359.20,361.23 2 1
github.com/Azure/azure-sdk-for-go/sdk/monitor/azquery/models_serde.go:362.23,364.23 2 0
github.com/Azure/azure-sdk-for-go/sdk/monitor/azquery/models_serde.go:365.13,367.23 2 1
github.com/Azure/azure-sdk-for-go/sdk/monitor/azquery/models_serde.go:368.15,370.23 2 1
github.com/Azure/azure-sdk-for-go/sdk/monitor/azquery/models_serde.go:371.21,373.23 2 1
github.com/Azure/azure-sdk-for-go/sdk/monitor/azquery/models_serde.go:374.15,376.23 2 1
github.com/Azure/azure-sdk-for-go/sdk/monitor/azquery/models_serde.go:377.15,379.23 2 1
github.com/Azure/azure-sdk-for-go/sdk/monitor/azquery/models_serde.go:381.17,383.4 1 1
github.com/Azure/azure-sdk-for-go/sdk/monitor/azquery/models_serde.go:389.59,394.2 4 1
github.com/Azure/azure-sdk-for-go/sdk/monitor/azquery/models_serde.go:397.63,399.54 2 1
github.com/Azure/azure-sdk-for-go/sdk/monitor/azquery/models_serde.go:402.2,402.31 1 1
github.com/Azure/azure-sdk-for-go/sdk/monitor/azquery/models_serde.go:416.2,416.12 1 1
github.com/Azure/azure-sdk-for-go/sdk/monitor/azquery/models_serde.go:399.54,401.3 1 0
github.com/Azure/azure-sdk-for-go/sdk/monitor/azquery/models_serde.go:402.31,404.14 2 1
github.com/Azure/azure-sdk-for-go/sdk/monitor/azquery/models_serde.go:412.3,412.17 1 1
github.com/Azure/azure-sdk-for-go/sdk/monitor/azquery/models_serde.go:405.20,407.23 2 1
github.com/Azure/azure-sdk-for-go/sdk/monitor/azquery/models_serde.go:408.20,410.23 2 1
github.com/Azure/azure-sdk-for-go/sdk/monitor/azquery/models_serde.go:412.17,414.4 1 0
github.com/Azure/azure-sdk-for-go/sdk/monitor/azquery/models_serde.go:420.57,436.2 15 1
github.com/Azure/azure-sdk-for-go/sdk/monitor/azquery/models_serde.go:439.61,441.54 2 1
github.com/Azure/azure-sdk-for-go/sdk/monitor/azquery/models_serde.go:444.2,444.31 1 1
github.com/Azure/azure-sdk-for-go/sdk/monitor/azquery/models_serde.go:491.2,491.12 1 1
github.com/Azure/azure-sdk-for-go/sdk/monitor/azquery/models_serde.go:441.54,443.3 1 0
github.com/Azure/azure-sdk-for-go/sdk/monitor/azquery/models_serde.go:444.31,446.14 2 1
github.com/Azure/azure-sdk-for-go/sdk/monitor/azquery/models_serde.go:487.3,487.17 1 1
github.com/Azure/azure-sdk-for-go/sdk/monitor/azquery/models_serde.go:447.19,449.23 2 0
github.com/Azure/azure-sdk-for-go/sdk/monitor/azquery/models_serde.go:450.21,452.23 2 1
github.com/Azure/azure-sdk-for-go/sdk/monitor/azquery/models_serde.go:453.29,455.23 2 1
github.com/Azure/azure-sdk-for-go/sdk/monitor/azquery/models_serde.go:456.13,458.23 2 1
github.com/Azure/azure-sdk-for-go/sdk/monitor/azquery/models_serde.go:459.30,461.23 2 1
github.com/Azure/azure-sdk-for-go/sdk/monitor/azquery/models_serde.go:462.31,464.23 2 1
github.com/Azure/azure-sdk-for-go/sdk/monitor/azquery/models_serde.go:465.22,467.23 2 0
github.com/Azure/azure-sdk-for-go/sdk/monitor/azquery/models_serde.go:468.15,470.23 2 1
github.com/Azure/azure-sdk-for-go/sdk/monitor/azquery/models_serde.go:471.20,473.23 2 1
github.com/Azure/azure-sdk-for-go/sdk/monitor/azquery/models_serde.go:474.33,476.23 2 1
github.com/Azure/azure-sdk-for-go/sdk/monitor/azquery/models_serde.go:477.21,479.23 2 1
github.com/Azure/azure-sdk-for-go/sdk/monitor/azquery/models_serde.go:480.36,482.23 2 1
github.com/Azure/azure-sdk-for-go/sdk/monitor/azquery/models_serde.go:483.15,485.23 2 1
github.com/Azure/azure-sdk-for-go/sdk/monitor/azquery/models_serde.go:487.17,489.4 1 0
github.com/Azure/azure-sdk-for-go/sdk/monitor/azquery/models_serde.go:495.67,499.2 3 1
github.com/Azure/azure-sdk-for-go/sdk/monitor/azquery/models_serde.go:502.71,504.54 2 1
github.com/Azure/azure-sdk-for-go/sdk/monitor/azquery/models_serde.go:507.2,507.31 1 1
github.com/Azure/azure-sdk-for-go/sdk/monitor/azquery/models_serde.go:518.2,518.12 1 1
github.com/Azure/azure-sdk-for-go/sdk/monitor/azquery/models_serde.go:504.54,506.3 1 1
github.com/Azure/azure-sdk-for-go/sdk/monitor/azquery/models_serde.go:507.31,509.14 2 1
github.com/Azure/azure-sdk-for-go/sdk/monitor/azquery/models_serde.go:514.3,514.17 1 1
github.com/Azure/azure-sdk-for-go/sdk/monitor/azquery/models_serde.go:510.16,512.23 2 1
github.com/Azure/azure-sdk-for-go/sdk/monitor/azquery/models_serde.go:514.17,516.4 1 1
github.com/Azure/azure-sdk-for-go/sdk/monitor/azquery/models_serde.go:522.56,530.2 7 1
github.com/Azure/azure-sdk-for-go/sdk/monitor/azquery/models_serde.go:533.60,535.54 2 1
github.com/Azure/azure-sdk-for-go/sdk/monitor/azquery/models_serde.go:538.2,538.31 1 1
github.com/Azure/azure-sdk-for-go/sdk/monitor/azquery/models_serde.go:561.2,561.12 1 1
github.com/Azure/azure-sdk-for-go/sdk/monitor/azquery/models_serde.go:535.54,537.3 1 0
github.com/Azure/azure-sdk-for-go/sdk/monitor/azquery/models_serde.go:538.31,540.14 2 1
github.com/Azure/azure-sdk-for-go/sdk/monitor/azquery/models_serde.go:557.3,557.17 1 1
github.com/Azure/azure-sdk-for-go/sdk/monitor/azquery/models_serde.go:541.25,543.23 2 1
github.com/Azure/azure-sdk-for-go/sdk/monitor/azquery/models_serde.go:544.13,546.23 2 1
github.com/Azure/azure-sdk-for-go/sdk/monitor/azquery/models_serde.go:547.15,549.23 2 1
github.com/Azure/azure-sdk-for-go/sdk/monitor/azquery/models_serde.go:550.21,552.23 2 1
github.com/Azure/azure-sdk-for-go/sdk/monitor/azquery/models_serde.go:553.15,555.23 2 1
github.com/Azure/azure-sdk-for-go/sdk/monitor/azquery/models_serde.go:557.17,559.4 1 0
github.com/Azure/azure-sdk-for-go/sdk/monitor/azquery/models_serde.go:565.66,569.2 3 1
github.com/Azure/azure-sdk-for-go/sdk/monitor/azquery/models_serde.go:572.70,574.54 2 1
github.com/Azure/azure-sdk-for-go/sdk/monitor/azquery/models_serde.go:577.2,577.31 1 1
github.com/Azure/azure-sdk-for-go/sdk/monitor/azquery/models_serde.go:588.2,588.12 1 1
github.com/Azure/azure-sdk-for-go/sdk/monitor/azquery/models_serde.go:574.54,576.3 1 1
github.com/Azure/azure-sdk-for-go/sdk/monitor/azquery/models_serde.go:577.31,579.14 2 1
github.com/Azure/azure-sdk-for-go/sdk/monitor/azquery/models_serde.go:584.3,584.17 1 1
github.com/Azure/azure-sdk-for-go/sdk/monitor/azquery/models_serde.go:580.16,582.23 2 1
github.com/Azure/azure-sdk-for-go/sdk/monitor/azquery/models_serde.go:584.17,586.4 1 1
github.com/Azure/azure-sdk-for-go/sdk/monitor/azquery/models_serde.go:592.60,596.2 3 1
github.com/Azure/azure-sdk-for-go/sdk/monitor/azquery/models_serde.go:599.64,601.54 2 1
github.com/Azure/azure-sdk-for-go/sdk/monitor/azquery/models_serde.go:604.2,604.31 1 1
github.com/Azure/azure-sdk-for-go/sdk/monitor/azquery/models_serde.go:615.2,615.12 1 1
github.com/Azure/azure-sdk-for-go/sdk/monitor/azquery/models_serde.go:601.54,603.3 1 0
github.com/Azure/azure-sdk-for-go/sdk/monitor/azquery/models_serde.go:604.31,606.14 2 1
github.com/Azure/azure-sdk-for-go/sdk/monitor/azquery/models_serde.go:611.3,611.17 1 1
github.com/Azure/azure-sdk-for-go/sdk/monitor/azquery/models_serde.go:607.30,609.23 2 1
github.com/Azure/azure-sdk-for-go/sdk/monitor/azquery/models_serde.go:611.17,613.4 1 0
github.com/Azure/azure-sdk-for-go/sdk/monitor/azquery/models_serde.go:619.52,628.2 8 1
github.com/Azure/azure-sdk-for-go/sdk/monitor/azquery/models_serde.go:631.56,633.54 2 1
github.com/Azure/azure-sdk-for-go/sdk/monitor/azquery/models_serde.go:636.2,636.31 1 1
github.com/Azure/azure-sdk-for-go/sdk/monitor/azquery/models_serde.go:662.2,662.12 1 1
github.com/Azure/azure-sdk-for-go/sdk/monitor/azquery/models_serde.go:633.54,635.3 1 0
github.com/Azure/azure-sdk-for-go/sdk/monitor/azquery/models_serde.go:636.31,638.14 2 1
github.com/Azure/azure-sdk-for-go/sdk/monitor/azquery/models_serde.go:658.3,658.17 1 1
github.com/Azure/azure-sdk-for-go/sdk/monitor/azquery/models_serde.go:639.18,641.23 2 1
github.com/Azure/azure-sdk-for-go/sdk/monitor/azquery/models_serde.go:642.16,644.23 2 1
github.com/Azure/azure-sdk-for-go/sdk/monitor/azquery/models_serde.go:645.18,647.23 2 0
github.com/Azure/azure-sdk-for-go/sdk/monitor/azquery/models_serde.go:648.18,650.23 2 0
github.com/Azure/azure-sdk-for-go/sdk/monitor/azquery/models_serde.go:651.20,653.23 2 1
github.com/Azure/azure-sdk-for-go/sdk/monitor/azquery/models_serde.go:654.16,656.23 2 0
github.com/Azure/azure-sdk-for-go/sdk/monitor/azquery/models_serde.go:658.17,660.4 1 0
github.com/Azure/azure-sdk-for-go/sdk/monitor/azquery/models_serde.go:666.49,675.2 8 1
github.com/Azure/azure-sdk-for-go/sdk/monitor/azquery/models_serde.go:678.53,680.54 2 1
github.com/Azure/azure-sdk-for-go/sdk/monitor/azquery/models_serde.go:683.2,683.31 1 1
github.com/Azure/azure-sdk-for-go/sdk/monitor/azquery/models_serde.go:709.2,709.12 1 1
github.com/Azure/azure-sdk-for-go/sdk/monitor/azquery/models_serde.go:680.54,682.3 1 1
github.com/Azure/azure-sdk-for-go/sdk/monitor/azquery/models_serde.go:683.31,685.14 2 1
github.com/Azure/azure-sdk-for-go/sdk/monitor/azquery/models_serde.go:705.3,705.17 1 1
github.com/Azure/azure-sdk-for-go/sdk/monitor/azquery/models_serde.go:686.15,688.23 2 1
github.com/Azure/azure-sdk-for-go/sdk/monitor/azquery/models_serde.go:689.19,691.23 2 1
github.com/Azure/azure-sdk-for-go/sdk/monitor/azquery/models_serde.go:692.20,694.23 2 1
github.com/Azure/azure-sdk-for-go/sdk/monitor/azquery/models_serde.go:695.25,697.23 2 1
github.com/Azure/azure-sdk-for-go/sdk/monitor/azquery/models_serde.go:698.19,700.23 2 1
github.com/Azure/azure-sdk-for-go/sdk/monitor/azquery/models_serde.go:701.16,703.23 2 1
github.com/Azure/azure-sdk-for-go/sdk/monitor/azquery/models_serde.go:705.17,707.4 1 1
github.com/Azure/azure-sdk-for-go/sdk/monitor/azquery/models_serde.go:713.48,720.2 6 1
github.com/Azure/azure-sdk-for-go/sdk/monitor/azquery/models_serde.go:723.52,725.54 2 1
github.com/Azure/azure-sdk-for-go/sdk/monitor/azquery/models_serde.go:728.2,728.31 1 1
github.com/Azure/azure-sdk-for-go/sdk/monitor/azquery/models_serde.go:748.2,748.12 1 1
github.com/Azure/azure-sdk-for-go/sdk/monitor/azquery/models_serde.go:725.54,727.3 1 1
github.com/Azure/azure-sdk-for-go/sdk/monitor/azquery/models_serde.go:728.31,730.14 2 1
github.com/Azure/azure-sdk-for-go/sdk/monitor/azquery/models_serde.go:744.3,744.17 1 1
github.com/Azure/azure-sdk-for-go/sdk/monitor/azquery/models_serde.go:731.16,733.23 2 1
github.com/Azure/azure-sdk-for-go/sdk/monitor/azquery/models_serde.go:734.17,736.23 2 1
github.com/Azure/azure-sdk-for-go/sdk/monitor/azquery/models_serde.go:737.21,739.23 2 1
github.com/Azure/azure-sdk-for-go/sdk/monitor/azquery/models_serde.go:740.17,742.23 2 1
github.com/Azure/azure-sdk-for-go/sdk/monitor/azquery/models_serde.go:744.17,746.4 1 1
github.com/Azure/azure-sdk-for-go/sdk/monitor/azquery/models_serde.go:752.46,758.2 5 1
github.com/Azure/azure-sdk-for-go/sdk/monitor/azquery/models_serde.go:761.58,766.2 4 1
github.com/Azure/azure-sdk-for-go/sdk/monitor/azquery/models_serde.go:769.62,771.54 2 1
github.com/Azure/azure-sdk-for-go/sdk/monitor/azquery/models_serde.go:774.2,774.31 1 1
github.com/Azure/azure-sdk-for-go/sdk/monitor/azquery/models_serde.go:788.2,788.12 1 1
github.com/Azure/azure-sdk-for-go/sdk/monitor/azquery/models_serde.go:771.54,773.3 1 1
github.com/Azure/azure-sdk-for-go/sdk/monitor/azquery/models_serde.go:774.31,776.14 2 1
github.com/Azure/azure-sdk-for-go/sdk/monitor/azquery/models_serde.go:784.3,784.17 1 1
github.com/Azure/azure-sdk-for-go/sdk/monitor/azquery/models_serde.go:777.15,779.23 2 1
github.com/Azure/azure-sdk-for-go/sdk/monitor/azquery/models_serde.go:780.25,782.23 2 1
github.com/Azure/azure-sdk-for-go/sdk/monitor/azquery/models_serde.go:784.17,786.4 1 1
github.com/Azure/azure-sdk-for-go/sdk/monitor/azquery/models_serde.go:791.66,792.14 1 1
github.com/Azure/azure-sdk-for-go/sdk/monitor/azquery/models_serde.go:792.14,794.3 1 0
github.com/Azure/azure-sdk-for-go/sdk/monitor/azquery/models_serde.go:794.8,794.34 1 1
github.com/Azure/azure-sdk-for-go/sdk/monitor/azquery/models_serde.go:794.34,796.3 1 0
github.com/Azure/azure-sdk-for-go/sdk/monitor/azquery/models_serde.go:796.8,796.40 1 1
github.com/Azure/azure-sdk-for-go/sdk/monitor/azquery/models_serde.go:796.40,798.3 1 1
github.com/Azure/azure-sdk-for-go/sdk/monitor/azquery/models_serde.go:801.71,802.17 1 1
github.com/Azure/azure-sdk-for-go/sdk/monitor/azquery/models_serde.go:805.2,805.48 1 1
github.com/Azure/azure-sdk-for-go/sdk/monitor/azquery/models_serde.go:808.2,808.12 1 1
github.com/Azure/azure-sdk-for-go/sdk/monitor/azquery/models_serde.go:802.17,804.3 1 0
github.com/Azure/azure-sdk-for-go/sdk/monitor/azquery/models_serde.go:805.48,807.3 1 1
github.com/Azure/azure-sdk-for-go/sdk/monitor/azquery/time_rfc3339.go:33.61,36.2 2 1
github.com/Azure/azure-sdk-for-go/sdk/monitor/azquery/time_rfc3339.go:38.61,41.2 2 0
github.com/Azure/azure-sdk-for-go/sdk/monitor/azquery/time_rfc3339.go:43.56,45.31 2 1
github.com/Azure/azure-sdk-for-go/sdk/monitor/azquery/time_rfc3339.go:48.2,48.38 1 1
github.com/Azure/azure-sdk-for-go/sdk/monitor/azquery/time_rfc3339.go:45.31,47.3 1 1
github.com/Azure/azure-sdk-for-go/sdk/monitor/azquery/time_rfc3339.go:51.62,53.31 2 0
github.com/Azure/azure-sdk-for-go/sdk/monitor/azquery/time_rfc3339.go:56.2,56.38 1 0
github.com/Azure/azure-sdk-for-go/sdk/monitor/azquery/time_rfc3339.go:53.31,55.3 1 0
github.com/Azure/azure-sdk-for-go/sdk/monitor/azquery/time_rfc3339.go:59.57,63.2 3 1
github.com/Azure/azure-sdk-for-go/sdk/monitor/azquery/time_rfc3339.go:65.76,66.14 1 1
github.com/Azure/azure-sdk-for-go/sdk/monitor/azquery/time_rfc3339.go:74.2,74.26 1 1
github.com/Azure/azure-sdk-for-go/sdk/monitor/azquery/time_rfc3339.go:66.14,68.3 1 0
github.com/Azure/azure-sdk-for-go/sdk/monitor/azquery/time_rfc3339.go:68.8,68.34 1 1
github.com/Azure/azure-sdk-for-go/sdk/monitor/azquery/time_rfc3339.go:68.34,71.3 2 0
github.com/Azure/azure-sdk-for-go/sdk/monitor/azquery/time_rfc3339.go:71.8,71.39 1 1
github.com/Azure/azure-sdk-for-go/sdk/monitor/azquery/time_rfc3339.go:71.39,73.3 1 0
github.com/Azure/azure-sdk-for-go/sdk/monitor/azquery/time_rfc3339.go:77.82,78.60 1 1
github.com/Azure/azure-sdk-for-go/sdk/monitor/azquery/time_rfc3339.go:81.2,82.51 2 1
github.com/Azure/azure-sdk-for-go/sdk/monitor/azquery/time_rfc3339.go:85.2,86.12 2 1
github.com/Azure/azure-sdk-for-go/sdk/monitor/azquery/time_rfc3339.go:78.60,80.3 1 0
github.com/Azure/azure-sdk-for-go/sdk/monitor/azquery/time_rfc3339.go:82.51,84.3 1 0
github.com/Azure/azure-sdk-for-go/sdk/monitor/azquery/cloud_config.go:17.13,42.2 6 1
github.com/Azure/azure-sdk-for-go/sdk/monitor/azquery/constants.go:25.56,34.2 1 1
github.com/Azure/azure-sdk-for-go/sdk/monitor/azquery/constants.go:44.72,48.2 1 1
github.com/Azure/azure-sdk-for-go/sdk/monitor/azquery/constants.go:58.68,62.2 1 1
github.com/Azure/azure-sdk-for-go/sdk/monitor/azquery/constants.go:81.54,94.2 1 1
github.com/Azure/azure-sdk-for-go/sdk/monitor/azquery/constants.go:108.48,116.2 1 1
github.com/Azure/azure-sdk-for-go/sdk/monitor/azquery/constants.go:138.46,154.2 1 1
github.com/Azure/azure-sdk-for-go/sdk/monitor/azquery/constants.go:166.72,172.2 1 1
github.com/Azure/azure-sdk-for-go/sdk/monitor/azquery/constants.go:183.46,188.2 1 1
github.com/Azure/azure-sdk-for-go/sdk/monitor/azquery/custom_client.go:48.104,49.20 1 1
github.com/Azure/azure-sdk-for-go/sdk/monitor/azquery/custom_client.go:52.2,52.45 1 1
github.com/Azure/azure-sdk-for-go/sdk/monitor/azquery/custom_client.go:55.2,56.49 2 1
github.com/Azure/azure-sdk-for-go/sdk/monitor/azquery/custom_client.go:60.2,62.51 3 1
github.com/Azure/azure-sdk-for-go/sdk/monitor/azquery/custom_client.go:49.20,51.3 1 1
github.com/Azure/azure-sdk-for-go/sdk/monitor/azquery/custom_client.go:52.45,54.3 1 1
github.com/Azure/azure-sdk-for-go/sdk/monitor/azquery/custom_client.go:56.49,58.3 1 1
github.com/Azure/azure-sdk-for-go/sdk/monitor/azquery/custom_client.go:66.113,67.20 1 1
github.com/Azure/azure-sdk-for-go/sdk/monitor/azquery/custom_client.go:70.2,70.45 1 1
github.com/Azure/azure-sdk-for-go/sdk/monitor/azquery/custom_client.go:73.2,74.49 2 1
github.com/Azure/azure-sdk-for-go/sdk/monitor/azquery/custom_client.go:78.2,80.54 3 1
github.com/Azure/azure-sdk-for-go/sdk/monitor/azquery/custom_client.go:67.20,69.3 1 1
github.com/Azure/azure-sdk-for-go/sdk/monitor/azquery/custom_client.go:70.45,72.3 1 1
github.com/Azure/azure-sdk-for-go/sdk/monitor/azquery/custom_client.go:74.49,76.3 1 1
github.com/Azure/azure-sdk-for-go/sdk/monitor/azquery/custom_client.go:93.54,96.50 3 1
github.com/Azure/azure-sdk-for-go/sdk/monitor/azquery/custom_client.go:99.2,101.12 2 1
github.com/Azure/azure-sdk-for-go/sdk/monitor/azquery/custom_client.go:96.50,98.3 1 1
github.com/Azure/azure-sdk-for-go/sdk/monitor/azquery/custom_client.go:105.36,107.2 1 1
github.com/Azure/azure-sdk-for-go/sdk/monitor/azquery/custom_client.go:128.50,130.54 2 1
github.com/Azure/azure-sdk-for-go/sdk/monitor/azquery/custom_client.go:133.2,133.31 1 1
github.com/Azure/azure-sdk-for-go/sdk/monitor/azquery/custom_client.go:154.2,154.12 1 1
github.com/Azure/azure-sdk-for-go/sdk/monitor/azquery/custom_client.go:130.54,132.3 1 0
github.com/Azure/azure-sdk-for-go/sdk/monitor/azquery/custom_client.go:133.31,135.14 2 1
github.com/Azure/azure-sdk-for-go/sdk/monitor/azquery/custom_client.go:150.3,150.17 1 1
github.com/Azure/azure-sdk-for-go/sdk/monitor/azquery/custom_client.go:136.18,140.32 4 1
github.com/Azure/azure-sdk-for-go/sdk/monitor/azquery/custom_client.go:143.15,145.23 2 1
github.com/Azure/azure-sdk-for-go/sdk/monitor/azquery/custom_client.go:146.15,148.23 2 1
github.com/Azure/azure-sdk-for-go/sdk/monitor/azquery/custom_client.go:140.32,142.5 1 1
github.com/Azure/azure-sdk-for-go/sdk/monitor/azquery/custom_client.go:150.17,152.4 1 0
github.com/Azure/azure-sdk-for-go/sdk/monitor/azquery/logs_client.go:28.154,30.16 2 1
github.com/Azure/azure-sdk-for-go/sdk/monitor/azquery/logs_client.go:33.2,34.16 2 1
github.com/Azure/azure-sdk-for-go/sdk/monitor/azquery/logs_client.go:37.2,37.49 1 1
github.com/Azure/azure-sdk-for-go/sdk/monitor/azquery/logs_client.go:40.2,40.46 1 1
github.com/Azure/azure-sdk-for-go/sdk/monitor/azquery/logs_client.go:30.16,32.3 1 0
github.com/Azure/azure-sdk-for-go/sdk/monitor/azquery/logs_client.go:34.16,36.3 1 0
github.com/Azure/azure-sdk-for-go/sdk/monitor/azquery/logs_client.go:37.49,39.3 1 1
github.com/Azure/azure-sdk-for-go/sdk/monitor/azquery/logs_client.go:44.154,47.16 3 1
github.com/Azure/azure-sdk-for-go/sdk/monitor/azquery/logs_client.go:50.2,51.46 2 1
github.com/Azure/azure-sdk-for-go/sdk/monitor/azquery/logs_client.go:47.16,49.3 1 0
github.com/Azure/azure-sdk-for-go/sdk/monitor/azquery/logs_client.go:55.111,57.77 2 1
github.com/Azure/azure-sdk-for-go/sdk/monitor/azquery/logs_client.go:60.2,60.20 1 1
github.com/Azure/azure-sdk-for-go/sdk/monitor/azquery/logs_client.go:57.77,59.3 1 1
github.com/Azure/azure-sdk-for-go/sdk/monitor/azquery/logs_client.go:70.178,72.16 2 1
github.com/Azure/azure-sdk-for-go/sdk/monitor/azquery/logs_client.go:75.2,76.16 2 1
github.com/Azure/azure-sdk-for-go/sdk/monitor/azquery/logs_client.go:79.2,79.49 1 1
github.com/Azure/azure-sdk-for-go/sdk/monitor/azquery/logs_client.go:82.2,82.50 1 1
github.com/Azure/azure-sdk-for-go/sdk/monitor/azquery/logs_client.go:72.16,74.3 1 0
github.com/Azure/azure-sdk-for-go/sdk/monitor/azquery/logs_client.go:76.16,78.3 1 0
github.com/Azure/azure-sdk-for-go/sdk/monitor/azquery/logs_client.go:79.49,81.3 1 1
github.com/Azure/azure-sdk-for-go/sdk/monitor/azquery/logs_client.go:86.174,88.23 2 1
github.com/Azure/azure-sdk-for-go/sdk/monitor/azquery/logs_client.go:91.2,93.16 3 1
github.com/Azure/azure-sdk-for-go/sdk/monitor/azquery/logs_client.go:96.2,96.45 1 1
github.com/Azure/azure-sdk-for-go/sdk/monitor/azquery/logs_client.go:99.2,100.46 2 1
github.com/Azure/azure-sdk-for-go/sdk/monitor/azquery/logs_client.go:88.23,90.3 1 0
github.com/Azure/azure-sdk-for-go/sdk/monitor/azquery/logs_client.go:93.16,95.3 1 0
github.com/Azure/azure-sdk-for-go/sdk/monitor/azquery/logs_client.go:96.45,98.3 1 1
github.com/Azure/azure-sdk-for-go/sdk/monitor/azquery/logs_client.go:104.119,106.71 2 1
github.com/Azure/azure-sdk-for-go/sdk/monitor/azquery/logs_client.go:109.2,109.20 1 1
github.com/Azure/azure-sdk-for-go/sdk/monitor/azquery/logs_client.go:106.71,108.3 1 0
github.com/Azure/azure-sdk-for-go/sdk/monitor/azquery/metrics_client.go:25.173,27.62 1 1
github.com/Azure/azure-sdk-for-go/sdk/monitor/azquery/metrics_client.go:27.62,29.4 1 0
github.com/Azure/azure-sdk-for-go/sdk/monitor/azquery/metrics_client.go:30.128,32.18 2 1
github.com/Azure/azure-sdk-for-go/sdk/monitor/azquery/metrics_client.go:35.4,36.18 2 1
github.com/Azure/azure-sdk-for-go/sdk/monitor/azquery/metrics_client.go:39.4,39.51 1 1
github.com/Azure/azure-sdk-for-go/sdk/monitor/azquery/metrics_client.go:42.4,42.53 1 1
github.com/Azure/azure-sdk-for-go/sdk/monitor/azquery/metrics_client.go:32.18,34.5 1 0
github.com/Azure/azure-sdk-for-go/sdk/monitor/azquery/metrics_client.go:36.18,38.5 1 0
github.com/Azure/azure-sdk-for-go/sdk/monitor/azquery/metrics_client.go:39.51,41.5 1 0
github.com/Azure/azure-sdk-for-go/sdk/monitor/azquery/metrics_client.go:48.171,52.16 4 1
github.com/Azure/azure-sdk-for-go/sdk/monitor/azquery/metrics_client.go:55.2,57.54 3 1
github.com/Azure/azure-sdk-for-go/sdk/monitor/azquery/metrics_client.go:60.2,62.17 3 1
github.com/Azure/azure-sdk-for-go/sdk/monitor/azquery/metrics_client.go:52.16,54.3 1 0
github.com/Azure/azure-sdk-for-go/sdk/monitor/azquery/metrics_client.go:57.54,59.3 1 0
github.com/Azure/azure-sdk-for-go/sdk/monitor/azquery/metrics_client.go:66.127,68.90 2 1
github.com/Azure/azure-sdk-for-go/sdk/monitor/azquery/metrics_client.go:71.2,71.20 1 1
github.com/Azure/azure-sdk-for-go/sdk/monitor/azquery/metrics_client.go:68.90,70.3 1 0
github.com/Azure/azure-sdk-for-go/sdk/monitor/azquery/metrics_client.go:78.170,80.61 1 1
github.com/Azure/azure-sdk-for-go/sdk/monitor/azquery/metrics_client.go:80.61,82.4 1 0
github.com/Azure/azure-sdk-for-go/sdk/monitor/azquery/metrics_client.go:83.126,85.18 2 1
github.com/Azure/azure-sdk-for-go/sdk/monitor/azquery/metrics_client.go:88.4,89.18 2 1
github.com/Azure/azure-sdk-for-go/sdk/monitor/azquery/metrics_client.go:92.4,92.51 1 1
github.com/Azure/azure-sdk-for-go/sdk/monitor/azquery/metrics_client.go:95.4,95.52 1 1
github.com/Azure/azure-sdk-for-go/sdk/monitor/azquery/metrics_client.go:85.18,87.5 1 0
github.com/Azure/azure-sdk-for-go/sdk/monitor/azquery/metrics_client.go:89.18,91.5 1 0
github.com/Azure/azure-sdk-for-go/sdk/monitor/azquery/metrics_client.go:92.51,94.5 1 1
github.com/Azure/azure-sdk-for-go/sdk/monitor/azquery/metrics_client.go:101.169,105.16 4 1
github.com/Azure/azure-sdk-for-go/sdk/monitor/azquery/metrics_client.go:108.2,110.48 3 1
github.com/Azure/azure-sdk-for-go/sdk/monitor/azquery/metrics_client.go:113.2,115.17 3 1
github.com/Azure/azure-sdk-for-go/sdk/monitor/azquery/metrics_client.go:105.16,107.3 1 0
github.com/Azure/azure-sdk-for-go/sdk/monitor/azquery/metrics_client.go:110.48,112.3 1 0
github.com/Azure/azure-sdk-for-go/sdk/monitor/azquery/metrics_client.go:119.125,121.89 2 1
github.com/Azure/azure-sdk-for-go/sdk/monitor/azquery/metrics_client.go:124.2,124.20 1 1
github.com/Azure/azure-sdk-for-go/sdk/monitor/azquery/metrics_client.go:121.89,123.3 1 0
github.com/Azure/azure-sdk-for-go/sdk/monitor/azquery/metrics_client.go:132.173,134.16 2 1
github.com/Azure/azure-sdk-for-go/sdk/monitor/azquery/metrics_client.go:137.2,138.16 2 1
github.com/Azure/azure-sdk-for-go/sdk/monitor/azquery/metrics_client.go:141.2,141.49 1 1
github.com/Azure/azure-sdk-for-go/sdk/monitor/azquery/metrics_client.go:144.2,144.49 1 1
github.com/Azure/azure-sdk-for-go/sdk/monitor/azquery/metrics_client.go:134.16,136.3 1 0
github.com/Azure/azure-sdk-for-go/sdk/monitor/azquery/metrics_client.go:138.16,140.3 1 0
github.com/Azure/azure-sdk-for-go/sdk/monitor/azquery/metrics_client.go:141.49,143.3 1 1
github.com/Azure/azure-sdk-for-go/sdk/monitor/azquery/metrics_client.go:148.167,152.16 4 1
github.com/Azure/azure-sdk-for-go/sdk/monitor/azquery/metrics_client.go:155.2,156.47 2 1
github.com/Azure/azure-sdk-for-go/sdk/monitor/azquery/metrics_client.go:159.2,159.47 1 1
github.com/Azure/azure-sdk-for-go/sdk/monitor/azquery/metrics_client.go:162.2,162.50 1 1
github.com/Azure/azure-sdk-for-go/sdk/monitor/azquery/metrics_client.go:165.2,165.50 1 1
github.com/Azure/azure-sdk-for-go/sdk/monitor/azquery/metrics_client.go:168.2,168.42 1 1
github.com/Azure/azure-sdk-for-go/sdk/monitor/azquery/metrics_client.go:171.2,171.46 1 1
github.com/Azure/azure-sdk-for-go/sdk/monitor/azquery/metrics_client.go:174.2,174.45 1 1
github.com/Azure/azure-sdk-for-go/sdk/monitor/azquery/metrics_client.go:177.2,177.49 1 1
github.com/Azure/azure-sdk-for-go/sdk/monitor/azquery/metrics_client.go:180.2,181.54 2 1
github.com/Azure/azure-sdk-for-go/sdk/monitor/azquery/metrics_client.go:184.2,186.17 3 1
github.com/Azure/azure-sdk-for-go/sdk/monitor/azquery/metrics_client.go:152.16,154.3 1 0
github.com/Azure/azure-sdk-for-go/sdk/monitor/azquery/metrics_client.go:156.47,158.3 1 1
github.com/Azure/azure-sdk-for-go/sdk/monitor/azquery/metrics_client.go:159.47,161.3 1 1
github.com/Azure/azure-sdk-for-go/sdk/monitor/azquery/metrics_client.go:162.50,164.3 1 0
github.com/Azure/azure-sdk-for-go/sdk/monitor/azquery/metrics_client.go:165.50,167.3 1 1
github.com/Azure/azure-sdk-for-go/sdk/monitor/azquery/metrics_client.go:168.42,170.3 1 0
github.com/Azure/azure-sdk-for-go/sdk/monitor/azquery/metrics_client.go:171.46,173.3 1 1
github.com/Azure/azure-sdk-for-go/sdk/monitor/azquery/metrics_client.go:174.45,176.3 1 0
github.com/Azure/azure-sdk-for-go/sdk/monitor/azquery/metrics_client.go:177.49,179.3 1 0
github.com/Azure/azure-sdk-for-go/sdk/monitor/azquery/metrics_client.go:181.54,183.3 1 1
github.com/Azure/azure-sdk-for-go/sdk/monitor/azquery/metrics_client.go:190.123,192.72 2 1
github.com/Azure/azure-sdk-for-go/sdk/monitor/azquery/metrics_client.go:195.2,195.20 1 1
github.com/Azure/azure-sdk-for-go/sdk/monitor/azquery/metrics_client.go:192.72,194.3 1 0
